\BOOKMARK [1][-]{section.1}{Introduction}{}% 1
\BOOKMARK [2][-]{subsection.1.1}{About myself}{section.1}% 2
\BOOKMARK [2][-]{subsection.1.2}{About this course}{section.1}% 3
\BOOKMARK [1][-]{section.2}{What is AI?}{}% 4
\BOOKMARK [2][-]{subsection.2.1}{Machine Learning}{section.2}% 5
\BOOKMARK [2][-]{subsection.2.2}{Data}{section.2}% 6
\BOOKMARK [3][-]{subsubsection.2.2.1}{Collection of data}{subsection.2.2}% 7
\BOOKMARK [3][-]{subsubsection.2.2.2}{Misconceptions about data}{subsection.2.2}% 8
\BOOKMARK [2][-]{subsection.2.3}{AI terminology}{section.2}% 9
\BOOKMARK [3][-]{subsubsection.2.3.1}{Machine learning vs. data science}{subsection.2.3}% 10
\BOOKMARK [3][-]{subsubsection.2.3.2}{Deep learning}{subsection.2.3}% 11
\BOOKMARK [3][-]{subsubsection.2.3.3}{The larger picture}{subsection.2.3}% 12
\BOOKMARK [2][-]{subsection.2.4}{AI companies}{section.2}% 13
\BOOKMARK [2][-]{subsection.2.5}{Limitations of AI}{section.2}% 14
\BOOKMARK [2][-]{subsection.2.6}{Understanding deep learning}{section.2}% 15
\BOOKMARK [1][-]{section.3}{Building AI Projects}{}% 16
\BOOKMARK [2][-]{subsection.3.1}{Workflow of a machine learning project}{section.3}% 17
\BOOKMARK [2][-]{subsection.3.2}{Workflow of a data science project}{section.3}% 18
\BOOKMARK [2][-]{subsection.3.3}{Impact of data on job functions}{section.3}% 19
\BOOKMARK [2][-]{subsection.3.4}{Choosing an AI project}{section.3}% 20
\BOOKMARK [2][-]{subsection.3.5}{Working with an AI team}{section.3}% 21
\BOOKMARK [2][-]{subsection.3.6}{Technical tools for AI teams}{section.3}% 22
\BOOKMARK [1][-]{section.4}{Building AI in a company}{}% 23
\BOOKMARK [2][-]{subsection.4.1}{Smart speakers: a case study}{section.4}% 24
\BOOKMARK [2][-]{subsection.4.2}{Self-driving cars: a case study}{section.4}% 25
\BOOKMARK [2][-]{subsection.4.3}{Major roles in an AI team}{section.4}% 26
\BOOKMARK [2][-]{subsection.4.4}{The AI transformation playbook}{section.4}% 27
\BOOKMARK [2][-]{subsection.4.5}{First steps and pitfalls}{section.4}% 28
\BOOKMARK [2][-]{subsection.4.6}{Major AI application areas}{section.4}% 29
\BOOKMARK [2][-]{subsection.4.7}{Major AI techniques}{section.4}% 30
