\BOOKMARK [1][-]{section.1}{Introduction}{}% 1
\BOOKMARK [2][-]{subsection.1.1}{About myself}{section.1}% 2
\BOOKMARK [2][-]{subsection.1.2}{A little bit about deep learning}{section.1}% 3
\BOOKMARK [1][-]{section.2}{Overview of Deep Learning}{}% 4
\BOOKMARK [2][-]{subsection.2.1}{Neural networks}{section.2}% 5
\BOOKMARK [2][-]{subsection.2.2}{Supervised learning with neural networks}{section.2}% 6
\BOOKMARK [2][-]{subsection.2.3}{Why is deep learning taking off now?}{section.2}% 7
\BOOKMARK [1][-]{section.3}{Logistic Regression as a Neural Network}{}% 8
\BOOKMARK [2][-]{subsection.3.1}{Derivatives \(optional\)}{section.3}% 9
\BOOKMARK [2][-]{subsection.3.2}{Binary classification}{section.3}% 10
\BOOKMARK [2][-]{subsection.3.3}{Logistic regression}{section.3}% 11
\BOOKMARK [2][-]{subsection.3.4}{Cost function in logistic regression}{section.3}% 12
\BOOKMARK [2][-]{subsection.3.5}{Gradient descent}{section.3}% 13
\BOOKMARK [2][-]{subsection.3.6}{Computation graph}{section.3}% 14
\BOOKMARK [3][-]{subsubsection.3.6.1}{Derivatives with a computation graph}{subsection.3.6}% 15
\BOOKMARK [3][-]{subsubsection.3.6.2}{The chain rule for derivatives}{subsection.3.6}% 16
\BOOKMARK [2][-]{subsection.3.7}{Computation graphs for logistic regression}{section.3}% 17
\BOOKMARK [3][-]{subsubsection.3.7.1}{Gradient descent for a single training example}{subsection.3.7}% 18
\BOOKMARK [3][-]{subsubsection.3.7.2}{Derivation of \040epstopdfLz \(optional\)}{subsection.3.7}% 19
\BOOKMARK [3][-]{subsubsection.3.7.3}{Gradient descent on m examples}{subsection.3.7}% 20
\BOOKMARK [2][-]{subsection.3.8}{Explaining the cost function \(optional\)}{section.3}% 21
\BOOKMARK [1][-]{section.4}{Python and Vectorization}{}% 22
\BOOKMARK [2][-]{subsection.4.1}{Vectorization}{section.4}% 23
\BOOKMARK [2][-]{subsection.4.2}{Vectorizing logistic regression}{section.4}% 24
\BOOKMARK [3][-]{subsubsection.4.2.1}{Vectorizing the forward propagation steps}{subsection.4.2}% 25
\BOOKMARK [3][-]{subsubsection.4.2.2}{Vectorizing the gradient output of logistic regression}{subsection.4.2}% 26
\BOOKMARK [2][-]{subsection.4.3}{Broadcasting in python}{section.4}% 27
\BOOKMARK [2][-]{subsection.4.4}{Python and numpy vectors}{section.4}% 28
\BOOKMARK [1][-]{section.5}{Shallow Neural Networks}{}% 29
\BOOKMARK [2][-]{subsection.5.1}{Neural network representation}{section.5}% 30
\BOOKMARK [2][-]{subsection.5.2}{Computing the output of a neural network}{section.5}% 31
\BOOKMARK [2][-]{subsection.5.3}{Vectorization across multiple examples}{section.5}% 32
\BOOKMARK [2][-]{subsection.5.4}{Activation functions}{section.5}% 33
\BOOKMARK [2][-]{subsection.5.5}{Gradient descent for neural networks}{section.5}% 34
\BOOKMARK [2][-]{subsection.5.6}{Initialization of variables}{section.5}% 35
\BOOKMARK [1][-]{section.6}{Deep Neural Networks}{}% 36
