This is pdfTeX, Version 3.14159265-2.6-1.40.21 (MiKTeX 20.7) (preloaded format=pdflatex 2020.8.6)  9 AUG 2020 09:52
entering extended mode
**"./Neural Networks and Deep Learning.tex"
("Neural Networks and Deep Learning.tex"
LaTeX2e <2020-02-02> patch level 5
L3 programming layer <2020-07-17>
("C:\Users\Om Prabhu\AppData\Local\Programs\MiKTeX\tex/latex/base\article.cls"
Document Class: article 2019/12/20 v1.4l Standard LaTeX document class
("C:\Users\Om Prabhu\AppData\Local\Programs\MiKTeX\tex/latex/base\size10.clo"
File: size10.clo 2019/12/20 v1.4l Standard LaTeX file (size option)
)
\c@part=\count168
\c@section=\count169
\c@subsection=\count170
\c@subsubsection=\count171
\c@paragraph=\count172
\c@subparagraph=\count173
\c@figure=\count174
\c@table=\count175
\abovecaptionskip=\skip47
\belowcaptionskip=\skip48
\bibindent=\dimen134
) ("C:\Users\Om Prabhu\AppData\Local\Programs\MiKTeX\tex/latex/base\inputenc.st
y"
Package: inputenc 2018/08/11 v1.3c Input encoding file
\inpenc@prehook=\toks15
\inpenc@posthook=\toks16
)
("C:\Users\Om Prabhu\AppData\Local\Programs\MiKTeX\tex/latex/amsmath\amsmath.st
y"
Package: amsmath 2020/01/20 v2.17e AMS math features
\@mathmargin=\skip49

For additional information on amsmath, use the `?' option.

("C:\Users\Om Prabhu\AppData\Local\Programs\MiKTeX\tex/latex/amsmath\amstext.st
y"
Package: amstext 2000/06/29 v2.01 AMS text

("C:\Users\Om Prabhu\AppData\Local\Programs\MiKTeX\tex/latex/amsmath\amsgen.sty
"
File: amsgen.sty 1999/11/30 v2.0 generic functions
\@emptytoks=\toks17
\ex@=\dimen135
))
("C:\Users\Om Prabhu\AppData\Local\Programs\MiKTeX\tex/latex/amsmath\amsbsy.sty
"
Package: amsbsy 1999/11/29 v1.2d Bold Symbols
\pmbraise@=\dimen136
)
("C:\Users\Om Prabhu\AppData\Local\Programs\MiKTeX\tex/latex/amsmath\amsopn.sty
"
Package: amsopn 2016/03/08 v2.02 operator names
)
\inf@bad=\count176
LaTeX Info: Redefining \frac on input line 227.
\uproot@=\count177
\leftroot@=\count178
LaTeX Info: Redefining \overline on input line 389.
\classnum@=\count179
\DOTSCASE@=\count180
LaTeX Info: Redefining \ldots on input line 486.
LaTeX Info: Redefining \dots on input line 489.
LaTeX Info: Redefining \cdots on input line 610.
\Mathstrutbox@=\box45
\strutbox@=\box46
\big@size=\dimen137
LaTeX Font Info:    Redeclaring font encoding OML on input line 733.
LaTeX Font Info:    Redeclaring font encoding OMS on input line 734.
\macc@depth=\count181
\c@MaxMatrixCols=\count182
\dotsspace@=\muskip16
\c@parentequation=\count183
\dspbrk@lvl=\count184
\tag@help=\toks18
\row@=\count185
\column@=\count186
\maxfields@=\count187
\andhelp@=\toks19
\eqnshift@=\dimen138
\alignsep@=\dimen139
\tagshift@=\dimen140
\tagwidth@=\dimen141
\totwidth@=\dimen142
\lineht@=\dimen143
\@envbody=\toks20
\multlinegap=\skip50
\multlinetaggap=\skip51
\mathdisplay@stack=\toks21
LaTeX Info: Redefining \[ on input line 2859.
LaTeX Info: Redefining \] on input line 2860.
)
("C:\Users\Om Prabhu\AppData\Local\Programs\MiKTeX\tex/latex/amsfonts\amssymb.s
ty"
Package: amssymb 2013/01/14 v3.01 AMS font symbols

("C:\Users\Om Prabhu\AppData\Local\Programs\MiKTeX\tex/latex/amsfonts\amsfonts.
sty"
Package: amsfonts 2013/01/14 v3.01 Basic AMSFonts support
\symAMSa=\mathgroup4
\symAMSb=\mathgroup5
LaTeX Font Info:    Redeclaring math symbol \hbar on input line 98.
LaTeX Font Info:    Overwriting math alphabet `\mathfrak' in version `bold'
(Font)                  U/euf/m/n --> U/euf/b/n on input line 106.
))
("C:\Users\Om Prabhu\AppData\Local\Programs\MiKTeX\tex/latex/amscls\amsthm.sty"
Package: amsthm 2020/05/29 v2.20.6
\thm@style=\toks22
\thm@bodyfont=\toks23
\thm@headfont=\toks24
\thm@notefont=\toks25
\thm@headpunct=\toks26
\thm@preskip=\skip52
\thm@postskip=\skip53
\thm@headsep=\skip54
\dth@everypar=\toks27
)
("C:\Users\Om Prabhu\AppData\Local\Programs\MiKTeX\tex/latex/mathtools\mathtool
s.sty"
Package: mathtools 2020/03/24 v1.24 mathematical typesetting tools

("C:\Users\Om Prabhu\AppData\Local\Programs\MiKTeX\tex/latex/graphics\keyval.st
y"
Package: keyval 2014/10/28 v1.15 key=value parser (DPC)
\KV@toks@=\toks28
) ("C:\Users\Om Prabhu\AppData\Local\Programs\MiKTeX\tex/latex/tools\calc.sty"
Package: calc 2017/05/25 v4.3 Infix arithmetic (KKT,FJ)
\calc@Acount=\count188
\calc@Bcount=\count189
\calc@Adimen=\dimen144
\calc@Bdimen=\dimen145
\calc@Askip=\skip55
\calc@Bskip=\skip56
LaTeX Info: Redefining \setlength on input line 80.
LaTeX Info: Redefining \addtolength on input line 81.
\calc@Ccount=\count190
\calc@Cskip=\skip57
)
("C:\Users\Om Prabhu\AppData\Local\Programs\MiKTeX\tex/latex/mathtools\mhsetup.
sty"
Package: mhsetup 2017/03/31 v1.3 programming setup (MH)
)
LaTeX Info: Thecontrolsequence`\('isalreadyrobust on input line 130.
LaTeX Info: Thecontrolsequence`\)'isalreadyrobust on input line 130.
LaTeX Info: Thecontrolsequence`\['isalreadyrobust on input line 130.
LaTeX Info: Thecontrolsequence`\]'isalreadyrobust on input line 130.
\g_MT_multlinerow_int=\count191
\l_MT_multwidth_dim=\dimen146
\origjot=\skip58
\l_MT_shortvdotswithinadjustabove_dim=\dimen147
\l_MT_shortvdotswithinadjustbelow_dim=\dimen148
\l_MT_above_intertext_sep=\dimen149
\l_MT_below_intertext_sep=\dimen150
\l_MT_above_shortintertext_sep=\dimen151
\l_MT_below_shortintertext_sep=\dimen152
\xmathstrut@box=\box47
\xmathstrut@dim=\dimen153
)
("C:\Users\Om Prabhu\AppData\Local\Programs\MiKTeX\tex/latex/enumitem\enumitem.
sty"
Package: enumitem 2019/06/20 v3.9 Customized lists
\labelindent=\skip59
\enit@outerparindent=\dimen154
\enit@toks=\toks29
\enit@inbox=\box48
\enit@count@id=\count192
\enitdp@description=\count193
) ("C:\Users\Om Prabhu\AppData\Local\Programs\MiKTeX\tex/latex/soul\soul.sty"
Package: soul 2003/11/17 v2.4 letterspacing/underlining (mf)
\SOUL@word=\toks30
\SOUL@lasttoken=\toks31
\SOUL@cmds=\toks32
\SOUL@buffer=\toks33
\SOUL@token=\toks34
\SOUL@spaceskip=\skip60
\SOUL@ttwidth=\dimen155
\SOUL@uldp=\dimen156
\SOUL@ulht=\dimen157
)
("C:\Users\Om Prabhu\AppData\Local\Programs\MiKTeX\tex/latex/cancel\cancel.sty"
Package: cancel 2013/04/12 v2.2 Cancel math terms
)
("C:\Users\Om Prabhu\AppData\Local\Programs\MiKTeX\tex/latex/hyperref\hyperref.
sty"
Package: hyperref 2020-05-15 v7.00e Hypertext links for LaTeX

("C:\Users\Om Prabhu\AppData\Local\Programs\MiKTeX\tex/generic/ltxcmds\ltxcmds.
sty"
Package: ltxcmds 2019/12/15 v1.24 LaTeX kernel commands for general use (HO)
)
("C:\Users\Om Prabhu\AppData\Local\Programs\MiKTeX\tex/generic/iftex\iftex.sty"
Package: iftex 2020/03/06 v1.0d TeX engine tests
)
("C:\Users\Om Prabhu\AppData\Local\Programs\MiKTeX\tex/generic/pdftexcmds\pdfte
xcmds.sty"
Package: pdftexcmds 2020-06-27 v0.33 Utility functions of pdfTeX for LuaTeX (HO
)

("C:\Users\Om Prabhu\AppData\Local\Programs\MiKTeX\tex/generic/infwarerr\infwar
err.sty"
Package: infwarerr 2019/12/03 v1.5 Providing info/warning/error messages (HO)
)
Package pdftexcmds Info: \pdf@primitive is available.
Package pdftexcmds Info: \pdf@ifprimitive is available.
Package pdftexcmds Info: \pdfdraftmode found.
)
("C:\Users\Om Prabhu\AppData\Local\Programs\MiKTeX\tex/generic/kvsetkeys\kvsetk
eys.sty"
Package: kvsetkeys 2019/12/15 v1.18 Key value parser (HO)
)
("C:\Users\Om Prabhu\AppData\Local\Programs\MiKTeX\tex/generic/kvdefinekeys\kvd
efinekeys.sty"
Package: kvdefinekeys 2019-12-19 v1.6 Define keys (HO)
)
("C:\Users\Om Prabhu\AppData\Local\Programs\MiKTeX\tex/generic/pdfescape\pdfesc
ape.sty"
Package: pdfescape 2019/12/09 v1.15 Implements pdfTeX's escape features (HO)
)
("C:\Users\Om Prabhu\AppData\Local\Programs\MiKTeX\tex/latex/hycolor\hycolor.st
y"
Package: hycolor 2020-01-27 v1.10 Color options for hyperref/bookmark (HO)
)
("C:\Users\Om Prabhu\AppData\Local\Programs\MiKTeX\tex/latex/letltxmacro\letltx
macro.sty"
Package: letltxmacro 2019/12/03 v1.6 Let assignment for LaTeX macros (HO)
)
("C:\Users\Om Prabhu\AppData\Local\Programs\MiKTeX\tex/latex/auxhook\auxhook.st
y"
Package: auxhook 2019-12-17 v1.6 Hooks for auxiliary files (HO)
)
("C:\Users\Om Prabhu\AppData\Local\Programs\MiKTeX\tex/latex/kvoptions\kvoption
s.sty"
Package: kvoptions 2019/11/29 v3.13 Key value format for package options (HO)
)
\@linkdim=\dimen158
\Hy@linkcounter=\count194
\Hy@pagecounter=\count195

("C:\Users\Om Prabhu\AppData\Local\Programs\MiKTeX\tex/latex/hyperref\pd1enc.de
f"
File: pd1enc.def 2020-05-15 v7.00e Hyperref: PDFDocEncoding definition (HO)
Now handling font encoding PD1 ...
... no UTF-8 mapping file for font encoding PD1
)
("C:\Users\Om Prabhu\AppData\Local\Programs\MiKTeX\tex/generic/intcalc\intcalc.
sty"
Package: intcalc 2019/12/15 v1.3 Expandable calculations with integers (HO)
)
("C:\Users\Om Prabhu\AppData\Local\Programs\MiKTeX\tex/generic/etexcmds\etexcmd
s.sty"
Package: etexcmds 2019/12/15 v1.7 Avoid name clashes with e-TeX commands (HO)
)
\Hy@SavedSpaceFactor=\count196
Package hyperref Info: Hyper figures OFF on input line 4464.
Package hyperref Info: Link nesting OFF on input line 4469.
Package hyperref Info: Hyper index ON on input line 4472.
Package hyperref Info: Plain pages OFF on input line 4479.
Package hyperref Info: Backreferencing OFF on input line 4484.
Package hyperref Info: Implicit mode ON; LaTeX internals redefined.
Package hyperref Info: Bookmarks ON on input line 4717.
\c@Hy@tempcnt=\count197
 ("C:\Users\Om Prabhu\AppData\Local\Programs\MiKTeX\tex/latex/url\url.sty"
\Urlmuskip=\muskip17
Package: url 2013/09/16  ver 3.4  Verb mode for urls, etc.
)
LaTeX Info: Redefining \url on input line 5076.
\XeTeXLinkMargin=\dimen159

("C:\Users\Om Prabhu\AppData\Local\Programs\MiKTeX\tex/generic/bitset\bitset.st
y"
Package: bitset 2019/12/09 v1.3 Handle bit-vector datatype (HO)

("C:\Users\Om Prabhu\AppData\Local\Programs\MiKTeX\tex/generic/bigintcalc\bigin
tcalc.sty"
Package: bigintcalc 2019/12/15 v1.5 Expandable calculations on big integers (HO
)
))
\Fld@menulength=\count198
\Field@Width=\dimen160
\Fld@charsize=\dimen161
Package hyperref Info: Hyper figures OFF on input line 6347.
Package hyperref Info: Link nesting OFF on input line 6352.
Package hyperref Info: Hyper index ON on input line 6355.
Package hyperref Info: backreferencing OFF on input line 6362.
Package hyperref Info: Link coloring OFF on input line 6367.
Package hyperref Info: Link coloring with OCG OFF on input line 6372.
Package hyperref Info: PDF/A mode OFF on input line 6377.
LaTeX Info: Redefining \ref on input line 6417.
LaTeX Info: Redefining \pageref on input line 6421.

("C:\Users\Om Prabhu\AppData\Local\Programs\MiKTeX\tex/generic/atbegshi\atbegsh
i.sty"
Package: atbegshi 2019/12/05 v1.19 At begin shipout hook (HO)
)
\Hy@abspage=\count199
\c@Item=\count266
\c@Hfootnote=\count267
)
Package hyperref Info: Driver (autodetected): hpdftex.

("C:\Users\Om Prabhu\AppData\Local\Programs\MiKTeX\tex/latex/hyperref\hpdftex.d
ef"
File: hpdftex.def 2020-05-15 v7.00e Hyperref driver for pdfTeX

("C:\Users\Om Prabhu\AppData\Local\Programs\MiKTeX\tex/latex/atveryend\atveryen
d.sty"
Package: atveryend 2019-12-11 v1.11 Hooks at the very end of document (HO)
Package atveryend Info: \enddocument detected (standard20110627).
)
\Fld@listcount=\count268
\c@bookmark@seq@number=\count269

("C:\Users\Om Prabhu\AppData\Local\Programs\MiKTeX\tex/latex/rerunfilecheck\rer
unfilecheck.sty"
Package: rerunfilecheck 2019/12/05 v1.9 Rerun checks for auxiliary files (HO)

("C:\Users\Om Prabhu\AppData\Local\Programs\MiKTeX\tex/generic/uniquecounter\un
iquecounter.sty"
Package: uniquecounter 2019/12/15 v1.4 Provide unlimited unique counter (HO)
)
Package uniquecounter Info: New unique counter `rerunfilecheck' on input line 2
86.
)
\Hy@SectionHShift=\skip61
)
("C:\Users\Om Prabhu\AppData\Local\Programs\MiKTeX\tex/latex/oberdiek\centernot
.sty"
Package: centernot 2016/05/16 v1.4 Centers the not symbol horizontally (HO)
)
("C:\Users\Om Prabhu\AppData\Local\Programs\MiKTeX\tex/latex/psnfss\pifont.sty"
Package: pifont 2020/03/25 PSNFSS-v9.3 Pi font support (SPQR) 
LaTeX Font Info:    Trying to load font information for U+pzd on input line 63.

("C:\Users\Om Prabhu\AppData\Local\Programs\MiKTeX\tex/latex/psnfss\upzd.fd"
File: upzd.fd 2001/06/04 font definitions for U/pzd.
)
LaTeX Font Info:    Trying to load font information for U+psy on input line 64.


("C:\Users\Om Prabhu\AppData\Local\Programs\MiKTeX\tex/latex/psnfss\upsy.fd"
File: upsy.fd 2001/06/04 font definitions for U/psy.
))
("C:\Users\Om Prabhu\AppData\Local\Programs\MiKTeX\tex/latex/changepage\changep
age.sty"
Package: changepage 2009/10/20 v1.0c check page and change page layout
\c@cp@cntr=\count270
\cp@tempcnt=\count271
)
("C:\Users\Om Prabhu\AppData\Local\Programs\MiKTeX\tex/latex/caption\subcaption
.sty"
Package: subcaption 2020/01/22 v1.3d Sub-captions (AR)

("C:\Users\Om Prabhu\AppData\Local\Programs\MiKTeX\tex/latex/caption\caption.st
y"
Package: caption 2020/05/30 v3.4k Customizing captions (AR)

("C:\Users\Om Prabhu\AppData\Local\Programs\MiKTeX\tex/latex/caption\caption3.s
ty"
Package: caption3 2020/07/20 v1.12b caption3 kernel (AR)
Package caption3 Info: TeX engine: e-TeX on input line 61.
\captionmargin=\dimen162
\captionmargin@=\dimen163
\captionwidth=\dimen164
\caption@tempdima=\dimen165
\caption@indent=\dimen166
\caption@parindent=\dimen167
\caption@hangindent=\dimen168
Package caption Info: Standard document class detected.
)
\c@caption@flags=\count272
\c@continuedfloat=\count273
Package caption Info: changepage package is loaded.
\caption@adjustwidth@hsize=\dimen169
\caption@adjustwidth@linewidth=\dimen170
Package caption Info: hyperref package is loaded.
)
\c@subfigure=\count274
\c@subtable=\count275
)
("C:\Users\Om Prabhu\AppData\Local\Programs\MiKTeX\tex/latex/placeins\placeins.
sty"
Package: placeins 2005/04/18  v 2.2
)
("C:\Users\Om Prabhu\AppData\Local\Programs\MiKTeX\tex/latex/lipsum\lipsum.sty"
("C:\Users\Om Prabhu\AppData\Local\Programs\MiKTeX\tex/latex/l3kernel\expl3.sty
"
Package: expl3 2020-07-17 L3 programming layer (loader) 

("C:\Users\Om Prabhu\AppData\Local\Programs\MiKTeX\tex/latex/l3backend\l3backen
d-pdfmode.def"
File: l3backend-pdfmode.def 2020-06-29 L3 backend support: PDF mode
\l__kernel_color_stack_int=\count276
\l__pdf_internal_box=\box49
))
("C:\Users\Om Prabhu\AppData\Local\Programs\MiKTeX\tex/latex/l3packages/xparse\
xparse.sty"
Package: xparse 2020-05-15 L3 Experimental document command parser

("C:\Users\Om Prabhu\AppData\Local\Programs\MiKTeX\tex/latex/l3packages/xparse\
xparse-generic.tex"
\l__xparse_current_arg_int=\count277
\g__xparse_grabber_int=\count278
\l__xparse_m_args_int=\count279
\l__xparse_v_nesting_int=\count280
))
Package: lipsum 2019/01/02 v2.2 150 paragraphs of Lorem Ipsum dummy text

("C:\Users\Om Prabhu\AppData\Local\Programs\MiKTeX\tex/latex/lipsum\lipsum.ltd.
tex"
File: lipsum.ltd.tex 2019/01/02 v2.2 The Lorem ipsum dummy text
))
("C:\Users\Om Prabhu\AppData\Local\Programs\MiKTeX\tex/latex/graphics\graphicx.
sty"
Package: graphicx 2019/11/30 v1.2a Enhanced LaTeX Graphics (DPC,SPQR)

("C:\Users\Om Prabhu\AppData\Local\Programs\MiKTeX\tex/latex/graphics\graphics.
sty"
Package: graphics 2019/11/30 v1.4a Standard LaTeX Graphics (DPC,SPQR)

("C:\Users\Om Prabhu\AppData\Local\Programs\MiKTeX\tex/latex/graphics\trig.sty"
Package: trig 2016/01/03 v1.10 sin cos tan (DPC)
)
("C:\Users\Om Prabhu\AppData\Local\Programs\MiKTeX\tex/latex/graphics-cfg\graph
ics.cfg"
File: graphics.cfg 2016/06/04 v1.11 sample graphics configuration
)
Package graphics Info: Driver file: pdftex.def on input line 105.

("C:\Users\Om Prabhu\AppData\Local\Programs\MiKTeX\tex/latex/graphics-def\pdfte
x.def"
File: pdftex.def 2018/01/08 v1.0l Graphics/color driver for pdftex
))
\Gin@req@height=\dimen171
\Gin@req@width=\dimen172
)
("C:\Users\Om Prabhu\AppData\Local\Programs\MiKTeX\tex/latex/float\float.sty"
Package: float 2001/11/08 v1.3d Float enhancements (AL)
\c@float@type=\count281
\float@exts=\toks35
\float@box=\box50
\@float@everytoks=\toks36
\@floatcapt=\box51
)
("C:\Users\Om Prabhu\AppData\Local\Programs\MiKTeX\tex/latex/commath\commath.st
y" ("C:\Users\Om Prabhu\AppData\Local\Programs\MiKTeX\tex/latex/base\ifthen.sty
"
Package: ifthen 2014/09/29 v1.1c Standard LaTeX ifthen package (DPC)
))
("C:\Users\Om Prabhu\AppData\Local\Programs\MiKTeX\tex/latex/wrapfig\wrapfig.st
y"
\wrapoverhang=\dimen173
\WF@size=\dimen174
\c@WF@wrappedlines=\count282
\WF@box=\box52
\WF@everypar=\toks37
Package: wrapfig 2003/01/31  v 3.6
)
("C:\Users\Om Prabhu\AppData\Local\Programs\MiKTeX\tex/latex/fancyvrb\fancyvrb.
sty"
Package: fancyvrb 2020/05/03 v3.6 verbatim text (tvz,hv)
\FV@CodeLineNo=\count283
\FV@InFile=\read2
\FV@TabBox=\box53
\c@FancyVerbLine=\count284
\FV@StepNumber=\count285
\FV@OutFile=\write3
)
\c@innercustomgeneric=\count286

("C:\Users\Om Prabhu\AppData\Local\Programs\MiKTeX\tex/latex/geometry\geometry.
sty"
Package: geometry 2020/01/02 v5.9 Page Geometry

("C:\Users\Om Prabhu\AppData\Local\Programs\MiKTeX\tex/generic/iftex\ifvtex.sty
"
Package: ifvtex 2019/10/25 v1.7 ifvtex legacy package. Use iftex instead.
)
\Gm@cnth=\count287
\Gm@cntv=\count288
\c@Gm@tempcnt=\count289
\Gm@bindingoffset=\dimen175
\Gm@wd@mp=\dimen176
\Gm@odd@mp=\dimen177
\Gm@even@mp=\dimen178
\Gm@layoutwidth=\dimen179
\Gm@layoutheight=\dimen180
\Gm@layouthoffset=\dimen181
\Gm@layoutvoffset=\dimen182
\Gm@dimlist=\toks38

("C:\Users\Om Prabhu\AppData\Local\Programs\MiKTeX\tex/latex/geometry\geometry.
cfg"))
("C:\Users\Om Prabhu\AppData\Local\Programs\MiKTeX\tex/latex/xcolor\xcolor.sty"
Package: xcolor 2016/05/11 v2.12 LaTeX color extensions (UK)

("C:\Users\Om Prabhu\AppData\Local\Programs\MiKTeX\tex/latex/graphics-cfg\color
.cfg"
File: color.cfg 2016/01/02 v1.6 sample color configuration
)
Package xcolor Info: Driver file: pdftex.def on input line 225.
Package xcolor Info: Model `cmy' substituted by `cmy0' on input line 1348.
Package xcolor Info: Model `hsb' substituted by `rgb' on input line 1352.
Package xcolor Info: Model `RGB' extended on input line 1364.
Package xcolor Info: Model `HTML' substituted by `rgb' on input line 1366.
Package xcolor Info: Model `Hsb' substituted by `hsb' on input line 1367.
Package xcolor Info: Model `tHsb' substituted by `hsb' on input line 1368.
Package xcolor Info: Model `HSB' substituted by `hsb' on input line 1369.
Package xcolor Info: Model `Gray' substituted by `gray' on input line 1370.
Package xcolor Info: Model `wave' substituted by `hsb' on input line 1371.
)
("C:\Users\Om Prabhu\AppData\Local\Programs\MiKTeX\tex/latex/pagecolor\pagecolo
r.sty"
Package: pagecolor 2017/05/29 v1.0i Provides thepagecolor (HMM)

("C:\Users\Om Prabhu\AppData\Local\Programs\MiKTeX\tex/generic/iftex\ifpdf.sty"
Package: ifpdf 2019/10/25 v3.4 ifpdf legacy package. Use iftex instead.
)
("C:\Users\Om Prabhu\AppData\Local\Programs\MiKTeX\tex/generic/iftex\ifluatex.s
ty"
Package: ifluatex 2019/10/25 v1.5 ifluatex legacy package. Use iftex instead.
))
\GPT@outputbox=\box54
 ("Neural Networks and Deep Learning.aux")
\openout1 = `"Neural Networks and Deep Learning.aux"'.

LaTeX Font Info:    Checking defaults for OML/cmm/m/it on input line 66.
LaTeX Font Info:    ... okay on input line 66.
LaTeX Font Info:    Checking defaults for OMS/cmsy/m/n on input line 66.
LaTeX Font Info:    ... okay on input line 66.
LaTeX Font Info:    Checking defaults for OT1/cmr/m/n on input line 66.
LaTeX Font Info:    ... okay on input line 66.
LaTeX Font Info:    Checking defaults for T1/cmr/m/n on input line 66.
LaTeX Font Info:    ... okay on input line 66.
LaTeX Font Info:    Checking defaults for TS1/cmr/m/n on input line 66.
LaTeX Font Info:    ... okay on input line 66.
LaTeX Font Info:    Checking defaults for OMX/cmex/m/n on input line 66.
LaTeX Font Info:    ... okay on input line 66.
LaTeX Font Info:    Checking defaults for U/cmr/m/n on input line 66.
LaTeX Font Info:    ... okay on input line 66.
LaTeX Font Info:    Checking defaults for PD1/pdf/m/n on input line 66.
LaTeX Font Info:    ... okay on input line 66.
\AtBeginShipoutBox=\box55
Package hyperref Info: Link coloring OFF on input line 66.

("C:\Users\Om Prabhu\AppData\Local\Programs\MiKTeX\tex/latex/hyperref\nameref.s
ty"
Package: nameref 2019/09/16 v2.46 Cross-referencing by name of section

("C:\Users\Om Prabhu\AppData\Local\Programs\MiKTeX\tex/latex/refcount\refcount.
sty"
Package: refcount 2019/12/15 v3.6 Data extraction from label references (HO)
)
("C:\Users\Om Prabhu\AppData\Local\Programs\MiKTeX\tex/generic/gettitlestring\g
ettitlestring.sty"
Package: gettitlestring 2019/12/15 v1.6 Cleanup title references (HO)
)
\c@section@level=\count290
)
LaTeX Info: Redefining \ref on input line 66.
LaTeX Info: Redefining \pageref on input line 66.
LaTeX Info: Redefining \nameref on input line 66.
 ("Neural Networks and Deep Learning.out")
("Neural Networks and Deep Learning.out")
\@outlinefile=\write4
\openout4 = `"Neural Networks and Deep Learning.out"'.

Package caption Info: Begin \AtBeginDocument code.
Package caption Info: float package is loaded.
Package caption Info: wrapfig package is loaded.
Package caption Info: End \AtBeginDocument code.

("C:\Users\Om Prabhu\AppData\Local\Programs\MiKTeX\tex/context/base/mkii\supp-p
df.mkii"
[Loading MPS to PDF converter (version 2006.09.02).]
\scratchcounter=\count291
\scratchdimen=\dimen183
\scratchbox=\box56
\nofMPsegments=\count292
\nofMParguments=\count293
\everyMPshowfont=\toks39
\MPscratchCnt=\count294
\MPscratchDim=\dimen184
\MPnumerator=\count295
\makeMPintoPDFobject=\count296
\everyMPtoPDFconversion=\toks40
)
("C:\Users\Om Prabhu\AppData\Local\Programs\MiKTeX\tex/latex/epstopdf-pkg\epsto
pdf-base.sty"
Package: epstopdf-base 2020-01-24 v2.11 Base part for package epstopdf
Package epstopdf-base Info: Redefining graphics rule for `.eps' on input line 4
85.
)
*geometry* driver: auto-detecting
*geometry* detected driver: pdftex
*geometry* verbose mode - [ preamble ] result:
* driver: pdftex
* paper: a4paper
* layout: <same size as paper>
* layoutoffset:(h,v)=(0.0pt,0.0pt)
* modes: 
* h-part:(L,W,R)=(56.9055pt, 483.69684pt, 56.90553pt)
* v-part:(T,H,B)=(56.9055pt, 731.23582pt, 56.90552pt)
* \paperwidth=597.50787pt
* \paperheight=845.04684pt
* \textwidth=483.69684pt
* \textheight=731.23582pt
* \oddsidemargin=-15.36449pt
* \evensidemargin=-15.36449pt
* \topmargin=-52.36449pt
* \headheight=12.0pt
* \headsep=25.0pt
* \topskip=10.0pt
* \footskip=30.0pt
* \marginparwidth=65.0pt
* \marginparsep=11.0pt
* \columnsep=10.0pt
* \skip\footins=9.0pt plus 4.0pt minus 2.0pt
* \hoffset=0.0pt
* \voffset=0.0pt
* \mag=1000
* \@twocolumnfalse
* \@twosidefalse
* \@mparswitchfalse
* \@reversemarginfalse
* (1in=72.27pt=25.4mm, 1cm=28.453pt)

LaTeX Font Info:    Trying to load font information for U+msa on input line 68.

("C:\Users\Om Prabhu\AppData\Local\Programs\MiKTeX\tex/latex/amsfonts\umsa.fd"
File: umsa.fd 2013/01/14 v3.01 AMS symbols A
)
LaTeX Font Info:    Trying to load font information for U+msb on input line 68.

("C:\Users\Om Prabhu\AppData\Local\Programs\MiKTeX\tex/latex/amsfonts\umsb.fd"
File: umsb.fd 2013/01/14 v3.01 AMS symbols B
) ("Neural Networks and Deep Learning.toc")
\tf@toc=\write5
\openout5 = `"Neural Networks and Deep Learning.toc"'.

 [1

{C:/Users/Om Prabhu/AppData/Local/MiKTeX/pdftex/config/pdftex.map}] [2] [3]
<deep_learning1.png, id=206, 401.0985pt x 146.34676pt>
File: deep_learning1.png Graphic file (type png)
<use deep_learning1.png>
Package pdftex.def Info: deep_learning1.png  used on input line 96.
(pdftex.def)             Requested size: 401.0975pt x 146.34639pt.
<deep_learning2.png, id=208, 447.47176pt x 218.61674pt>
File: deep_learning2.png Graphic file (type png)
<use deep_learning2.png>
Package pdftex.def Info: deep_learning2.png  used on input line 101.
(pdftex.def)             Requested size: 447.47066pt x 218.6162pt.
 [4 <./deep_learning1.png> <./deep_learning2.png>]
<types_of_nn.png, id=215, 452.28975pt x 349.305pt>
File: types_of_nn.png Graphic file (type png)
<use types_of_nn.png>
Package pdftex.def Info: types_of_nn.png  used on input line 120.
(pdftex.def)             Requested size: 452.28865pt x 349.30414pt.
 [5 <./types_of_nn.png>]
<data_vs_performance.png, id=222, 567.92175pt x 246.32025pt>
File: data_vs_performance.png Graphic file (type png)
<use data_vs_performance.png>
Package pdftex.def Info: data_vs_performance.png  used on input line 128.
(pdftex.def)             Requested size: 369.14476pt x 160.10626pt.
<sigmoid_relu.png, id=223, 728.7225pt x 293.095pt>
File: sigmoid_relu.png Graphic file (type png)
<use sigmoid_relu.png>
Package pdftex.def Info: sigmoid_relu.png  used on input line 137.
(pdftex.def)             Requested size: 364.36035pt x 146.54713pt.
 [6 <./data_vs_performance.png> <./sigmoid_relu.png>]
<y_equals_3x.png, id=230, 419.76825pt x 436.63126pt>
File: y_equals_3x.png Graphic file (type png)
<use y_equals_3x.png>
Package pdftex.def Info: y_equals_3x.png  used on input line 181.
(pdftex.def)             Requested size: 135.43451pt x 140.87079pt.
<x_square.png, id=231, 542.025pt x 425.1885pt>
File: x_square.png Graphic file (type png)
<use x_square.png>
Package pdftex.def Info: x_square.png  used on input line 195.
(pdftex.def)             Requested size: 149.94482pt x 117.62463pt.
 [7 <./y_equals_3x.png> <./x_square.png>]
<rgb_matrices.png, id=261, 319.94531pt x 261.97874pt>
File: rgb_matrices.png Graphic file (type png)
<use rgb_matrices.png>
Package pdftex.def Info: rgb_matrices.png  used on input line 233.
(pdftex.def)             Requested size: 232.17241pt x 190.1116pt.
<sigmoid_logistic_regression.png, id=262, 486.81876pt x 324.21124pt>
File: sigmoid_logistic_regression.png Graphic file (type png)
<use sigmoid_logistic_regression.png>
Package pdftex.def Info: sigmoid_logistic_regression.png  used on input line 26
9.
(pdftex.def)             Requested size: 183.80716pt x 122.41002pt.
 [8 <./rgb_matrices.png>]
<gradient_descent.png, id=268, 412.54124pt x 235.47975pt>
File: gradient_descent.png Graphic file (type png)
<use gradient_descent.png>
Package pdftex.def Info: gradient_descent.png  used on input line 312.
(pdftex.def)             Requested size: 183.80716pt x 104.9193pt.

[9 <./sigmoid_logistic_regression.png>]
<1d_convex_plot.png, id=276, 364.9635pt x 210.18526pt>
File: 1d_convex_plot.png Graphic file (type png)
<use 1d_convex_plot.png>
Package pdftex.def Info: 1d_convex_plot.png  used on input line 327.
(pdftex.def)             Requested size: 183.80716pt x 105.85567pt.
<computation_graph.png, id=277, 513.71925pt x 124.66576pt>
File: computation_graph.png Graphic file (type png)
<use computation_graph.png>
Package pdftex.def Info: computation_graph.png  used on input line 348.
(pdftex.def)             Requested size: 193.47577pt x 46.95117pt.
 [10 <./gradient_descent.png> <./1d_convex_plot.png> <./computation_graph.png>]
 [11]

Package hyperref Warning: Token not allowed in a PDF string (PDFDocEncoding):
(hyperref)                removing `math shift' on input line 391.


Package hyperref Warning: Token not allowed in a PDF string (PDFDocEncoding):
(hyperref)                removing `\<def>-command' on input line 391.


Package hyperref Warning: Token not allowed in a PDF string (PDFDocEncoding):
(hyperref)                removing `\@tempa' on input line 391.


Package hyperref Warning: Token not allowed in a PDF string (PDFDocEncoding):
(hyperref)                removing `\<def>-command' on input line 391.


Package hyperref Warning: Token not allowed in a PDF string (PDFDocEncoding):
(hyperref)                removing `\@tempb' on input line 391.


Package hyperref Warning: Token not allowed in a PDF string (PDFDocEncoding):
(hyperref)                removing `\partial' on input line 391.


Package hyperref Warning: Token not allowed in a PDF string (PDFDocEncoding):
(hyperref)                removing `\partial' on input line 391.


Package hyperref Warning: Token not allowed in a PDF string (PDFDocEncoding):
(hyperref)                removing `math shift' on input line 391.


Package hyperref Warning: Token not allowed in a PDF string (PDFDocEncoding):
(hyperref)                removing `math shift' on input line 413.


Package hyperref Warning: Token not allowed in a PDF string (PDFDocEncoding):
(hyperref)                removing `math shift' on input line 413.

[12] [13] [14] [15]
<broadcasting_example.png, id=312, 315.579pt x 95.75775pt>
File: broadcasting_example.png Graphic file (type png)
<use broadcasting_example.png>
Package pdftex.def Info: broadcasting_example.png  used on input line 626.
(pdftex.def)             Requested size: 183.80716pt x 55.7733pt.
 [16 <./broadcasting_example.png>]
LaTeX Font Info:    Font shape `OT1/cmtt/bx/n' in size <12> not available
(Font)              Font shape `OT1/cmtt/m/n' tried instead on input line 672.
 [17]
<week2.png, id=324, 323.40825pt x 86.724pt>
File: week2.png Graphic file (type png)
<use week2.png>
Package pdftex.def Info: week2.png  used on input line 698.
(pdftex.def)             Requested size: 323.40744pt x 86.72377pt.
<week3.png, id=325, 328.8285pt x 177.0615pt>
File: week3.png Graphic file (type png)
<use week3.png>
Package pdftex.def Info: week3.png  used on input line 702.
(pdftex.def)             Requested size: 164.41385pt x 88.53052pt.
<single_hidden_layer.png, id=326, 539.616pt x 339.669pt>
File: single_hidden_layer.png Graphic file (type png)
<use single_hidden_layer.png>
Package pdftex.def Info: single_hidden_layer.png  used on input line 714.
(pdftex.def)             Requested size: 183.80716pt x 115.69843pt.
 [18 <./week2.png> <./week3.png> <./single_hidden_layer.png>]
Overfull \hbox (4.15765pt too wide) detected at line 802
\OML/cmm/m/it/10 X \OT1/cmr/m/n/10 = \OML/cmm/m/it/10 A[] [] \OT1/cmr/m/n/10 ; 
\OML/cmm/m/it/10 Z[] \OT1/cmr/m/n/10 = [] ; \OML/cmm/m/it/10 A[] \OT1/cmr/m/n/1
0 = []
 []

[19]
<relu.png, id=340, 358.33875pt x 279.0425pt>
File: relu.png Graphic file (type png)
<use relu.png>
Package pdftex.def Info: relu.png  used on input line 823.
(pdftex.def)             Requested size: 135.43451pt x 105.46669pt.
 [20 <./relu.png (PNG copy)>]
<initialization.png, id=346, 264.99pt x 102.98476pt>
File: initialization.png Graphic file (type png)
<use initialization.png>
Package pdftex.def Info: initialization.png  used on input line 870.
(pdftex.def)             Requested size: 159.62083pt x 62.03488pt.
 [21 <./initialization.png>]
Package atveryend Info: Empty hook `BeforeClearDocument' on input line 892.
 [22]
Package atveryend Info: Empty hook `AfterLastShipout' on input line 892.

("Neural Networks and Deep Learning.aux")
Package atveryend Info: Executing hook `AtVeryEndDocument' on input line 892.
Package atveryend Info: Executing hook `AtEndAfterFileList' on input line 892.
Package rerunfilecheck Info: File `"Neural Networks and Deep Learning".out' has
 not changed.
(rerunfilecheck)             Checksum: 7DD769433E3BD052A77BAAAE6091F6FD;2829.
Package atveryend Info: Empty hook `AtVeryVeryEnd' on input line 892.
 ) 
Here is how much of TeX's memory you used:
 11099 strings out of 481225
 181718 string characters out of 2904265
 598684 words of memory out of 3000000
 26346 multiletter control sequences out of 15000+200000
 545615 words of font info for 70 fonts, out of 3000000 for 9000
 1141 hyphenation exceptions out of 8191
 45i,11n,47p,825b,586s stack positions out of 5000i,500n,10000p,200000b,50000s
 <C:\Users\Om Prabhu\AppData\Local\MiKTeX\fonts/pk/ljfour/jknappen/ec/dpi600\
tcrm1000.pk><C:/Users/Om Prabhu/AppData/Local/Programs/MiKTeX/fonts/type1/publi
c/amsfonts/cm/cmbx10.pfb><C:/Users/Om Prabhu/AppData/Local/Programs/MiKTeX/font
s/type1/public/amsfonts/cm/cmbx12.pfb><C:/Users/Om Prabhu/AppData/Local/Program
s/MiKTeX/fonts/type1/public/amsfonts/cm/cmex10.pfb><C:/Users/Om Prabhu/AppData/
Local/Programs/MiKTeX/fonts/type1/public/amsfonts/cm/cmmi10.pfb><C:/Users/Om Pr
abhu/AppData/Local/Programs/MiKTeX/fonts/type1/public/amsfonts/cm/cmmi5.pfb><C:
/Users/Om Prabhu/AppData/Local/Programs/MiKTeX/fonts/type1/public/amsfonts/cm/c
mmi7.pfb><C:/Users/Om Prabhu/AppData/Local/Programs/MiKTeX/fonts/type1/public/a
msfonts/cm/cmr10.pfb><C:/Users/Om Prabhu/AppData/Local/Programs/MiKTeX/fonts/ty
pe1/public/amsfonts/cm/cmr12.pfb><C:/Users/Om Prabhu/AppData/Local/Programs/MiK
TeX/fonts/type1/public/amsfonts/cm/cmr5.pfb><C:/Users/Om Prabhu/AppData/Local/P
rograms/MiKTeX/fonts/type1/public/amsfonts/cm/cmr7.pfb><C:/Users/Om Prabhu/AppD
ata/Local/Programs/MiKTeX/fonts/type1/public/amsfonts/cm/cmsy10.pfb><C:/Users/O
m Prabhu/AppData/Local/Programs/MiKTeX/fonts/type1/public/amsfonts/cm/cmsy7.pfb
><C:/Users/Om Prabhu/AppData/Local/Programs/MiKTeX/fonts/type1/public/amsfonts/
cm/cmti10.pfb><C:/Users/Om Prabhu/AppData/Local/Programs/MiKTeX/fonts/type1/pub
lic/amsfonts/cm/cmtt10.pfb><C:/Users/Om Prabhu/AppData/Local/Programs/MiKTeX/fo
nts/type1/public/amsfonts/cm/cmtt12.pfb><C:/Users/Om Prabhu/AppData/Local/Progr
ams/MiKTeX/fonts/type1/public/amsfonts/symbols/msam10.pfb><C:/Users/Om Prabhu/A
ppData/Local/Programs/MiKTeX/fonts/type1/public/amsfonts/symbols/msbm10.pfb>
Output written on "Neural Networks and Deep Learning.pdf" (22 pages, 1186520 by
tes).
PDF statistics:
 434 PDF objects out of 1000 (max. 8388607)
 80 named destinations out of 1000 (max. 500000)
 379 words of extra memory for PDF output out of 10000 (max. 10000000)

