This is pdfTeX, Version 3.14159265-2.6-1.40.21 (MiKTeX 20.6.29) (preloaded format=pdflatex 2020.7.11)  16 JUL 2020 00:06
entering extended mode
**./intro_to_gamedev.tex
(intro_to_gamedev.tex
LaTeX2e <2020-02-02> patch level 5
L3 programming layer <2020-06-18>
("C:\Users\Om Prabhu\AppData\Local\Programs\MiKTeX 2.9\tex/latex/base\article.c
ls"
Document Class: article 2019/12/20 v1.4l Standard LaTeX document class

("C:\Users\Om Prabhu\AppData\Local\Programs\MiKTeX 2.9\tex/latex/base\size10.cl
o"
File: size10.clo 2019/12/20 v1.4l Standard LaTeX file (size option)
)
\c@part=\count167
\c@section=\count168
\c@subsection=\count169
\c@subsubsection=\count170
\c@paragraph=\count171
\c@subparagraph=\count172
\c@figure=\count173
\c@table=\count174
\abovecaptionskip=\skip47
\belowcaptionskip=\skip48
\bibindent=\dimen134
)
("C:\Users\Om Prabhu\AppData\Local\Programs\MiKTeX 2.9\tex/latex/base\inputenc.
sty"
Package: inputenc 2018/08/11 v1.3c Input encoding file
\inpenc@prehook=\toks15
\inpenc@posthook=\toks16
)
("C:\Users\Om Prabhu\AppData\Local\Programs\MiKTeX 2.9\tex/latex/amsmath\amsmat
h.sty"
Package: amsmath 2020/01/20 v2.17e AMS math features
\@mathmargin=\skip49

For additional information on amsmath, use the `?' option.

("C:\Users\Om Prabhu\AppData\Local\Programs\MiKTeX 2.9\tex/latex/amsmath\amstex
t.sty"
Package: amstext 2000/06/29 v2.01 AMS text

("C:\Users\Om Prabhu\AppData\Local\Programs\MiKTeX 2.9\tex/latex/amsmath\amsgen
.sty"
File: amsgen.sty 1999/11/30 v2.0 generic functions
\@emptytoks=\toks17
\ex@=\dimen135
))
("C:\Users\Om Prabhu\AppData\Local\Programs\MiKTeX 2.9\tex/latex/amsmath\amsbsy
.sty"
Package: amsbsy 1999/11/29 v1.2d Bold Symbols
\pmbraise@=\dimen136
)
("C:\Users\Om Prabhu\AppData\Local\Programs\MiKTeX 2.9\tex/latex/amsmath\amsopn
.sty"
Package: amsopn 2016/03/08 v2.02 operator names
)
\inf@bad=\count175
LaTeX Info: Redefining \frac on input line 227.
\uproot@=\count176
\leftroot@=\count177
LaTeX Info: Redefining \overline on input line 389.
\classnum@=\count178
\DOTSCASE@=\count179
LaTeX Info: Redefining \ldots on input line 486.
LaTeX Info: Redefining \dots on input line 489.
LaTeX Info: Redefining \cdots on input line 610.
\Mathstrutbox@=\box45
\strutbox@=\box46
\big@size=\dimen137
LaTeX Font Info:    Redeclaring font encoding OML on input line 733.
LaTeX Font Info:    Redeclaring font encoding OMS on input line 734.
\macc@depth=\count180
\c@MaxMatrixCols=\count181
\dotsspace@=\muskip16
\c@parentequation=\count182
\dspbrk@lvl=\count183
\tag@help=\toks18
\row@=\count184
\column@=\count185
\maxfields@=\count186
\andhelp@=\toks19
\eqnshift@=\dimen138
\alignsep@=\dimen139
\tagshift@=\dimen140
\tagwidth@=\dimen141
\totwidth@=\dimen142
\lineht@=\dimen143
\@envbody=\toks20
\multlinegap=\skip50
\multlinetaggap=\skip51
\mathdisplay@stack=\toks21
LaTeX Info: Redefining \[ on input line 2859.
LaTeX Info: Redefining \] on input line 2860.
)
("C:\Users\Om Prabhu\AppData\Local\Programs\MiKTeX 2.9\tex/latex/amsfonts\amssy
mb.sty"
Package: amssymb 2013/01/14 v3.01 AMS font symbols

("C:\Users\Om Prabhu\AppData\Local\Programs\MiKTeX 2.9\tex/latex/amsfonts\amsfo
nts.sty"
Package: amsfonts 2013/01/14 v3.01 Basic AMSFonts support
\symAMSa=\mathgroup4
\symAMSb=\mathgroup5
LaTeX Font Info:    Redeclaring math symbol \hbar on input line 98.
LaTeX Font Info:    Overwriting math alphabet `\mathfrak' in version `bold'
(Font)                  U/euf/m/n --> U/euf/b/n on input line 106.
))
("C:\Users\Om Prabhu\AppData\Local\Programs\MiKTeX 2.9\tex/latex/amscls\amsthm.
sty"
Package: amsthm 2020/05/29 v2.20.6
\thm@style=\toks22
\thm@bodyfont=\toks23
\thm@headfont=\toks24
\thm@notefont=\toks25
\thm@headpunct=\toks26
\thm@preskip=\skip52
\thm@postskip=\skip53
\thm@headsep=\skip54
\dth@everypar=\toks27
)
("C:\Users\Om Prabhu\AppData\Local\Programs\MiKTeX 2.9\tex/latex/mathtools\math
tools.sty"
Package: mathtools 2020/03/24 v1.24 mathematical typesetting tools

("C:\Users\Om Prabhu\AppData\Local\Programs\MiKTeX 2.9\tex/latex/graphics\keyva
l.sty"
Package: keyval 2014/10/28 v1.15 key=value parser (DPC)
\KV@toks@=\toks28
)
("C:\Users\Om Prabhu\AppData\Local\Programs\MiKTeX 2.9\tex/latex/tools\calc.sty
"
Package: calc 2017/05/25 v4.3 Infix arithmetic (KKT,FJ)
\calc@Acount=\count187
\calc@Bcount=\count188
\calc@Adimen=\dimen144
\calc@Bdimen=\dimen145
\calc@Askip=\skip55
\calc@Bskip=\skip56
LaTeX Info: Redefining \setlength on input line 80.
LaTeX Info: Redefining \addtolength on input line 81.
\calc@Ccount=\count189
\calc@Cskip=\skip57
)
("C:\Users\Om Prabhu\AppData\Local\Programs\MiKTeX 2.9\tex/latex/mathtools\mhse
tup.sty"
Package: mhsetup 2017/03/31 v1.3 programming setup (MH)
)
LaTeX Info: Thecontrolsequence`\('isalreadyrobust on input line 130.
LaTeX Info: Thecontrolsequence`\)'isalreadyrobust on input line 130.
LaTeX Info: Thecontrolsequence`\['isalreadyrobust on input line 130.
LaTeX Info: Thecontrolsequence`\]'isalreadyrobust on input line 130.
\g_MT_multlinerow_int=\count190
\l_MT_multwidth_dim=\dimen146
\origjot=\skip58
\l_MT_shortvdotswithinadjustabove_dim=\dimen147
\l_MT_shortvdotswithinadjustbelow_dim=\dimen148
\l_MT_above_intertext_sep=\dimen149
\l_MT_below_intertext_sep=\dimen150
\l_MT_above_shortintertext_sep=\dimen151
\l_MT_below_shortintertext_sep=\dimen152
\xmathstrut@box=\box47
\xmathstrut@dim=\dimen153
)
("C:\Users\Om Prabhu\AppData\Local\Programs\MiKTeX 2.9\tex/latex/enumitem\enumi
tem.sty"
Package: enumitem 2019/06/20 v3.9 Customized lists
\labelindent=\skip59
\enit@outerparindent=\dimen154
\enit@toks=\toks29
\enit@inbox=\box48
\enit@count@id=\count191
\enitdp@description=\count192
)
("C:\Users\Om Prabhu\AppData\Local\Programs\MiKTeX 2.9\tex/latex/soul\soul.sty"
Package: soul 2003/11/17 v2.4 letterspacing/underlining (mf)
\SOUL@word=\toks30
\SOUL@lasttoken=\toks31
\SOUL@cmds=\toks32
\SOUL@buffer=\toks33
\SOUL@token=\toks34
\SOUL@spaceskip=\skip60
\SOUL@ttwidth=\dimen155
\SOUL@uldp=\dimen156
\SOUL@ulht=\dimen157
)
("C:\Users\Om Prabhu\AppData\Local\Programs\MiKTeX 2.9\tex/latex/cancel\cancel.
sty"
Package: cancel 2013/04/12 v2.2 Cancel math terms
)
("C:\Users\Om Prabhu\AppData\Local\Programs\MiKTeX 2.9\tex/latex/hyperref\hyper
ref.sty"
Package: hyperref 2020-05-15 v7.00e Hypertext links for LaTeX

("C:\Users\Om Prabhu\AppData\Local\Programs\MiKTeX 2.9\tex/generic/ltxcmds\ltxc
mds.sty"
Package: ltxcmds 2019/12/15 v1.24 LaTeX kernel commands for general use (HO)
)
("C:\Users\Om Prabhu\AppData\Local\Programs\MiKTeX 2.9\tex/generic/iftex\iftex.
sty"
Package: iftex 2020/03/06 v1.0d TeX engine tests
)
("C:\Users\Om Prabhu\AppData\Local\Programs\MiKTeX 2.9\tex/generic/pdftexcmds\p
dftexcmds.sty"
Package: pdftexcmds 2020-06-27 v0.33 Utility functions of pdfTeX for LuaTeX (HO
)

("C:\Users\Om Prabhu\AppData\Local\Programs\MiKTeX 2.9\tex/generic/infwarerr\in
fwarerr.sty"
Package: infwarerr 2019/12/03 v1.5 Providing info/warning/error messages (HO)
)
Package pdftexcmds Info: \pdf@primitive is available.
Package pdftexcmds Info: \pdf@ifprimitive is available.
Package pdftexcmds Info: \pdfdraftmode found.
)
("C:\Users\Om Prabhu\AppData\Local\Programs\MiKTeX 2.9\tex/generic/kvsetkeys\kv
setkeys.sty"
Package: kvsetkeys 2019/12/15 v1.18 Key value parser (HO)
)
("C:\Users\Om Prabhu\AppData\Local\Programs\MiKTeX 2.9\tex/generic/kvdefinekeys
\kvdefinekeys.sty"
Package: kvdefinekeys 2019-12-19 v1.6 Define keys (HO)
)
("C:\Users\Om Prabhu\AppData\Local\Programs\MiKTeX 2.9\tex/generic/pdfescape\pd
fescape.sty"
Package: pdfescape 2019/12/09 v1.15 Implements pdfTeX's escape features (HO)
)
("C:\Users\Om Prabhu\AppData\Local\Programs\MiKTeX 2.9\tex/latex/hycolor\hycolo
r.sty"
Package: hycolor 2020-01-27 v1.10 Color options for hyperref/bookmark (HO)
)
("C:\Users\Om Prabhu\AppData\Local\Programs\MiKTeX 2.9\tex/latex/letltxmacro\le
tltxmacro.sty"
Package: letltxmacro 2019/12/03 v1.6 Let assignment for LaTeX macros (HO)
)
("C:\Users\Om Prabhu\AppData\Local\Programs\MiKTeX 2.9\tex/latex/auxhook\auxhoo
k.sty"
Package: auxhook 2019-12-17 v1.6 Hooks for auxiliary files (HO)
)
("C:\Users\Om Prabhu\AppData\Local\Programs\MiKTeX 2.9\tex/latex/kvoptions\kvop
tions.sty"
Package: kvoptions 2019/11/29 v3.13 Key value format for package options (HO)
)
\@linkdim=\dimen158
\Hy@linkcounter=\count193
\Hy@pagecounter=\count194

("C:\Users\Om Prabhu\AppData\Local\Programs\MiKTeX 2.9\tex/latex/hyperref\pd1en
c.def"
File: pd1enc.def 2020-05-15 v7.00e Hyperref: PDFDocEncoding definition (HO)
Now handling font encoding PD1 ...
... no UTF-8 mapping file for font encoding PD1
)
("C:\Users\Om Prabhu\AppData\Local\Programs\MiKTeX 2.9\tex/generic/intcalc\intc
alc.sty"
Package: intcalc 2019/12/15 v1.3 Expandable calculations with integers (HO)
)
("C:\Users\Om Prabhu\AppData\Local\Programs\MiKTeX 2.9\tex/generic/etexcmds\ete
xcmds.sty"
Package: etexcmds 2019/12/15 v1.7 Avoid name clashes with e-TeX commands (HO)
)
\Hy@SavedSpaceFactor=\count195
Package hyperref Info: Hyper figures OFF on input line 4464.
Package hyperref Info: Link nesting OFF on input line 4469.
Package hyperref Info: Hyper index ON on input line 4472.
Package hyperref Info: Plain pages OFF on input line 4479.
Package hyperref Info: Backreferencing OFF on input line 4484.
Package hyperref Info: Implicit mode ON; LaTeX internals redefined.
Package hyperref Info: Bookmarks ON on input line 4717.
\c@Hy@tempcnt=\count196

("C:\Users\Om Prabhu\AppData\Local\Programs\MiKTeX 2.9\tex/latex/url\url.sty"
\Urlmuskip=\muskip17
Package: url 2013/09/16  ver 3.4  Verb mode for urls, etc.
)
LaTeX Info: Redefining \url on input line 5076.
\XeTeXLinkMargin=\dimen159

("C:\Users\Om Prabhu\AppData\Local\Programs\MiKTeX 2.9\tex/generic/bitset\bitse
t.sty"
Package: bitset 2019/12/09 v1.3 Handle bit-vector datatype (HO)

("C:\Users\Om Prabhu\AppData\Local\Programs\MiKTeX 2.9\tex/generic/bigintcalc\b
igintcalc.sty"
Package: bigintcalc 2019/12/15 v1.5 Expandable calculations on big integers (HO
)
))
\Fld@menulength=\count197
\Field@Width=\dimen160
\Fld@charsize=\dimen161
Package hyperref Info: Hyper figures OFF on input line 6347.
Package hyperref Info: Link nesting OFF on input line 6352.
Package hyperref Info: Hyper index ON on input line 6355.
Package hyperref Info: backreferencing OFF on input line 6362.
Package hyperref Info: Link coloring OFF on input line 6367.
Package hyperref Info: Link coloring with OCG OFF on input line 6372.
Package hyperref Info: PDF/A mode OFF on input line 6377.
LaTeX Info: Redefining \ref on input line 6417.
LaTeX Info: Redefining \pageref on input line 6421.

("C:\Users\Om Prabhu\AppData\Local\Programs\MiKTeX 2.9\tex/generic/atbegshi\atb
egshi.sty"
Package: atbegshi 2019/12/05 v1.19 At begin shipout hook (HO)
)
\Hy@abspage=\count198
\c@Item=\count199
\c@Hfootnote=\count266
)
Package hyperref Info: Driver (autodetected): hpdftex.

("C:\Users\Om Prabhu\AppData\Local\Programs\MiKTeX 2.9\tex/latex/hyperref\hpdft
ex.def"
File: hpdftex.def 2020-05-15 v7.00e Hyperref driver for pdfTeX

("C:\Users\Om Prabhu\AppData\Local\Programs\MiKTeX 2.9\tex/latex/atveryend\atve
ryend.sty"
Package: atveryend 2019-12-11 v1.11 Hooks at the very end of document (HO)
Package atveryend Info: \enddocument detected (standard20110627).
)
\Fld@listcount=\count267
\c@bookmark@seq@number=\count268

("C:\Users\Om Prabhu\AppData\Local\Programs\MiKTeX 2.9\tex/latex/rerunfilecheck
\rerunfilecheck.sty"
Package: rerunfilecheck 2019/12/05 v1.9 Rerun checks for auxiliary files (HO)

("C:\Users\Om Prabhu\AppData\Local\Programs\MiKTeX 2.9\tex/generic/uniquecounte
r\uniquecounter.sty"
Package: uniquecounter 2019/12/15 v1.4 Provide unlimited unique counter (HO)
)
Package uniquecounter Info: New unique counter `rerunfilecheck' on input line 2
86.
)
\Hy@SectionHShift=\skip61
)
("C:\Users\Om Prabhu\AppData\Local\Programs\MiKTeX 2.9\tex/latex/oberdiek\cente
rnot.sty"
Package: centernot 2016/05/16 v1.4 Centers the not symbol horizontally (HO)
)
("C:\Users\Om Prabhu\AppData\Local\Programs\MiKTeX 2.9\tex/latex/psnfss\pifont.
sty"
Package: pifont 2020/03/25 PSNFSS-v9.3 Pi font support (SPQR) 
LaTeX Font Info:    Trying to load font information for U+pzd on input line 63.


("C:\Users\Om Prabhu\AppData\Local\Programs\MiKTeX 2.9\tex/latex/psnfss\upzd.fd
"
File: upzd.fd 2001/06/04 font definitions for U/pzd.
)
LaTeX Font Info:    Trying to load font information for U+psy on input line 64.


("C:\Users\Om Prabhu\AppData\Local\Programs\MiKTeX 2.9\tex/latex/psnfss\upsy.fd
"
File: upsy.fd 2001/06/04 font definitions for U/psy.
))
("C:\Users\Om Prabhu\AppData\Local\Programs\MiKTeX 2.9\tex/latex/changepage\cha
ngepage.sty"
Package: changepage 2009/10/20 v1.0c check page and change page layout
\c@cp@cntr=\count269
\cp@tempcnt=\count270
)
("C:\Users\Om Prabhu\AppData\Local\Programs\MiKTeX 2.9\tex/latex/caption\subcap
tion.sty"
Package: subcaption 2020/01/22 v1.3d Sub-captions (AR)

("C:\Users\Om Prabhu\AppData\Local\Programs\MiKTeX 2.9\tex/latex/caption\captio
n.sty"
Package: caption 2020/05/30 v3.4k Customizing captions (AR)

("C:\Users\Om Prabhu\AppData\Local\Programs\MiKTeX 2.9\tex/latex/caption\captio
n3.sty"
Package: caption3 2020/05/30 v1.12 caption3 kernel (AR)
Package caption3 Info: TeX engine: e-TeX on input line 61.
\captionmargin=\dimen162
\captionmargin@=\dimen163
\captionwidth=\dimen164
\caption@tempdima=\dimen165
\caption@indent=\dimen166
\caption@parindent=\dimen167
\caption@hangindent=\dimen168
Package caption Info: Standard document class detected.
)
\c@caption@flags=\count271
\c@continuedfloat=\count272
Package caption Info: changepage package is loaded.
\caption@adjustwidth@hsize=\dimen169
\caption@adjustwidth@linewidth=\dimen170
Package caption Info: hyperref package is loaded.
)
\c@subfigure=\count273
\c@subtable=\count274
)
("C:\Users\Om Prabhu\AppData\Local\Programs\MiKTeX 2.9\tex/latex/placeins\place
ins.sty"
Package: placeins 2005/04/18  v 2.2
)
("C:\Users\Om Prabhu\AppData\Local\Programs\MiKTeX 2.9\tex/latex/lipsum\lipsum.
sty"
("C:\Users\Om Prabhu\AppData\Local\Programs\MiKTeX 2.9\tex/latex/l3kernel\expl3
.sty"
Package: expl3 2020-06-18 L3 programming layer (loader) 

("C:\Users\Om Prabhu\AppData\Local\Programs\MiKTeX 2.9\tex/latex/l3backend\l3ba
ckend-pdfmode.def"
File: l3backend-pdfmode.def 2020-06-29 L3 backend support: PDF mode
\l__kernel_color_stack_int=\count275
\l__pdf_internal_box=\box49
))
("C:\Users\Om Prabhu\AppData\Local\Programs\MiKTeX 2.9\tex/latex/l3packages/xpa
rse\xparse.sty"
Package: xparse 2020-05-15 L3 Experimental document command parser

("C:\Users\Om Prabhu\AppData\Local\Programs\MiKTeX 2.9\tex/latex/l3packages/xpa
rse\xparse-generic.tex"
\l__xparse_current_arg_int=\count276
\g__xparse_grabber_int=\count277
\l__xparse_m_args_int=\count278
\l__xparse_v_nesting_int=\count279
))
Package: lipsum 2019/01/02 v2.2 150 paragraphs of Lorem Ipsum dummy text

("C:\Users\Om Prabhu\AppData\Local\Programs\MiKTeX 2.9\tex/latex/lipsum\lipsum.
ltd.tex"
File: lipsum.ltd.tex 2019/01/02 v2.2 The Lorem ipsum dummy text
))
("C:\Users\Om Prabhu\AppData\Local\Programs\MiKTeX 2.9\tex/latex/graphics\graph
icx.sty"
Package: graphicx 2019/11/30 v1.2a Enhanced LaTeX Graphics (DPC,SPQR)

("C:\Users\Om Prabhu\AppData\Local\Programs\MiKTeX 2.9\tex/latex/graphics\graph
ics.sty"
Package: graphics 2019/11/30 v1.4a Standard LaTeX Graphics (DPC,SPQR)

("C:\Users\Om Prabhu\AppData\Local\Programs\MiKTeX 2.9\tex/latex/graphics\trig.
sty"
Package: trig 2016/01/03 v1.10 sin cos tan (DPC)
)
("C:\Users\Om Prabhu\AppData\Local\Programs\MiKTeX 2.9\tex/latex/graphics-cfg\g
raphics.cfg"
File: graphics.cfg 2016/06/04 v1.11 sample graphics configuration
)
Package graphics Info: Driver file: pdftex.def on input line 105.

("C:\Users\Om Prabhu\AppData\Local\Programs\MiKTeX 2.9\tex/latex/graphics-def\p
dftex.def"
File: pdftex.def 2018/01/08 v1.0l Graphics/color driver for pdftex
))
\Gin@req@height=\dimen171
\Gin@req@width=\dimen172
)
("C:\Users\Om Prabhu\AppData\Local\Programs\MiKTeX 2.9\tex/latex/float\float.st
y"
Package: float 2001/11/08 v1.3d Float enhancements (AL)
\c@float@type=\count280
\float@exts=\toks35
\float@box=\box50
\@float@everytoks=\toks36
\@floatcapt=\box51
)
("C:\Users\Om Prabhu\AppData\Local\Programs\MiKTeX 2.9\tex/latex/commath\commat
h.sty"
("C:\Users\Om Prabhu\AppData\Local\Programs\MiKTeX 2.9\tex/latex/base\ifthen.st
y"
Package: ifthen 2014/09/29 v1.1c Standard LaTeX ifthen package (DPC)
))
("C:\Users\Om Prabhu\AppData\Local\Programs\MiKTeX 2.9\tex/latex/wrapfig\wrapfi
g.sty"
\wrapoverhang=\dimen173
\WF@size=\dimen174
\c@WF@wrappedlines=\count281
\WF@box=\box52
\WF@everypar=\toks37
Package: wrapfig 2003/01/31  v 3.6
)
\c@innercustomgeneric=\count282

("C:\Users\Om Prabhu\AppData\Local\Programs\MiKTeX 2.9\tex/latex/geometry\geome
try.sty"
Package: geometry 2020/01/02 v5.9 Page Geometry

("C:\Users\Om Prabhu\AppData\Local\Programs\MiKTeX 2.9\tex/generic/iftex\ifvtex
.sty"
Package: ifvtex 2019/10/25 v1.7 ifvtex legacy package. Use iftex instead.
)
\Gm@cnth=\count283
\Gm@cntv=\count284
\c@Gm@tempcnt=\count285
\Gm@bindingoffset=\dimen175
\Gm@wd@mp=\dimen176
\Gm@odd@mp=\dimen177
\Gm@even@mp=\dimen178
\Gm@layoutwidth=\dimen179
\Gm@layoutheight=\dimen180
\Gm@layouthoffset=\dimen181
\Gm@layoutvoffset=\dimen182
\Gm@dimlist=\toks38

("C:\Users\Om Prabhu\AppData\Local\Programs\MiKTeX 2.9\tex/latex/geometry\geome
try.cfg"))
("C:\Users\Om Prabhu\AppData\Local\Programs\MiKTeX 2.9\tex/latex/xcolor\xcolor.
sty"
Package: xcolor 2016/05/11 v2.12 LaTeX color extensions (UK)

("C:\Users\Om Prabhu\AppData\Local\Programs\MiKTeX 2.9\tex/latex/graphics-cfg\c
olor.cfg"
File: color.cfg 2016/01/02 v1.6 sample color configuration
)
Package xcolor Info: Driver file: pdftex.def on input line 225.
Package xcolor Info: Model `cmy' substituted by `cmy0' on input line 1348.
Package xcolor Info: Model `hsb' substituted by `rgb' on input line 1352.
Package xcolor Info: Model `RGB' extended on input line 1364.
Package xcolor Info: Model `HTML' substituted by `rgb' on input line 1366.
Package xcolor Info: Model `Hsb' substituted by `hsb' on input line 1367.
Package xcolor Info: Model `tHsb' substituted by `hsb' on input line 1368.
Package xcolor Info: Model `HSB' substituted by `hsb' on input line 1369.
Package xcolor Info: Model `Gray' substituted by `gray' on input line 1370.
Package xcolor Info: Model `wave' substituted by `hsb' on input line 1371.
)
("C:\Users\Om Prabhu\AppData\Local\Programs\MiKTeX 2.9\tex/latex/pagecolor\page
color.sty"
Package: pagecolor 2017/05/29 v1.0i Provides thepagecolor (HMM)

("C:\Users\Om Prabhu\AppData\Local\Programs\MiKTeX 2.9\tex/generic/iftex\ifpdf.
sty"
Package: ifpdf 2019/10/25 v3.4 ifpdf legacy package. Use iftex instead.
)
("C:\Users\Om Prabhu\AppData\Local\Programs\MiKTeX 2.9\tex/generic/iftex\ifluat
ex.sty"
Package: ifluatex 2019/10/25 v1.5 ifluatex legacy package. Use iftex instead.
))
\GPT@outputbox=\box53
 (intro_to_gamedev.aux)
\openout1 = `intro_to_gamedev.aux'.

LaTeX Font Info:    Checking defaults for OML/cmm/m/it on input line 62.
LaTeX Font Info:    ... okay on input line 62.
LaTeX Font Info:    Checking defaults for OMS/cmsy/m/n on input line 62.
LaTeX Font Info:    ... okay on input line 62.
LaTeX Font Info:    Checking defaults for OT1/cmr/m/n on input line 62.
LaTeX Font Info:    ... okay on input line 62.
LaTeX Font Info:    Checking defaults for T1/cmr/m/n on input line 62.
LaTeX Font Info:    ... okay on input line 62.
LaTeX Font Info:    Checking defaults for TS1/cmr/m/n on input line 62.
LaTeX Font Info:    ... okay on input line 62.
LaTeX Font Info:    Checking defaults for OMX/cmex/m/n on input line 62.
LaTeX Font Info:    ... okay on input line 62.
LaTeX Font Info:    Checking defaults for U/cmr/m/n on input line 62.
LaTeX Font Info:    ... okay on input line 62.
LaTeX Font Info:    Checking defaults for PD1/pdf/m/n on input line 62.
LaTeX Font Info:    ... okay on input line 62.
\AtBeginShipoutBox=\box54
Package hyperref Info: Link coloring OFF on input line 62.

("C:\Users\Om Prabhu\AppData\Local\Programs\MiKTeX 2.9\tex/latex/hyperref\namer
ef.sty"
Package: nameref 2019/09/16 v2.46 Cross-referencing by name of section

("C:\Users\Om Prabhu\AppData\Local\Programs\MiKTeX 2.9\tex/latex/refcount\refco
unt.sty"
Package: refcount 2019/12/15 v3.6 Data extraction from label references (HO)
)
("C:\Users\Om Prabhu\AppData\Local\Programs\MiKTeX 2.9\tex/generic/gettitlestri
ng\gettitlestring.sty"
Package: gettitlestring 2019/12/15 v1.6 Cleanup title references (HO)
)
\c@section@level=\count286
)
LaTeX Info: Redefining \ref on input line 62.
LaTeX Info: Redefining \pageref on input line 62.
LaTeX Info: Redefining \nameref on input line 62.
 (intro_to_gamedev.out) (intro_to_gamedev.out)
\@outlinefile=\write3
\openout3 = `intro_to_gamedev.out'.

Package caption Info: Begin \AtBeginDocument code.
Package caption Info: float package is loaded.
Package caption Info: wrapfig package is loaded.
Package caption Info: End \AtBeginDocument code.

("C:\Users\Om Prabhu\AppData\Local\Programs\MiKTeX 2.9\tex/context/base/mkii\su
pp-pdf.mkii"
[Loading MPS to PDF converter (version 2006.09.02).]
\scratchcounter=\count287
\scratchdimen=\dimen183
\scratchbox=\box55
\nofMPsegments=\count288
\nofMParguments=\count289
\everyMPshowfont=\toks39
\MPscratchCnt=\count290
\MPscratchDim=\dimen184
\MPnumerator=\count291
\makeMPintoPDFobject=\count292
\everyMPtoPDFconversion=\toks40
)
("C:\Users\Om Prabhu\AppData\Local\Programs\MiKTeX 2.9\tex/latex/epstopdf-pkg\e
pstopdf-base.sty"
Package: epstopdf-base 2020-01-24 v2.11 Base part for package epstopdf
Package epstopdf-base Info: Redefining graphics rule for `.eps' on input line 4
85.
)
*geometry* driver: auto-detecting
*geometry* detected driver: pdftex
*geometry* verbose mode - [ preamble ] result:
* driver: pdftex
* paper: a4paper
* layout: <same size as paper>
* layoutoffset:(h,v)=(0.0pt,0.0pt)
* modes: 
* h-part:(L,W,R)=(56.9055pt, 483.69684pt, 56.90553pt)
* v-part:(T,H,B)=(56.9055pt, 731.23582pt, 56.90552pt)
* \paperwidth=597.50787pt
* \paperheight=845.04684pt
* \textwidth=483.69684pt
* \textheight=731.23582pt
* \oddsidemargin=-15.36449pt
* \evensidemargin=-15.36449pt
* \topmargin=-52.36449pt
* \headheight=12.0pt
* \headsep=25.0pt
* \topskip=10.0pt
* \footskip=30.0pt
* \marginparwidth=65.0pt
* \marginparsep=11.0pt
* \columnsep=10.0pt
* \skip\footins=9.0pt plus 4.0pt minus 2.0pt
* \hoffset=0.0pt
* \voffset=0.0pt
* \mag=1000
* \@twocolumnfalse
* \@twosidefalse
* \@mparswitchfalse
* \@reversemarginfalse
* (1in=72.27pt=25.4mm, 1cm=28.453pt)

LaTeX Font Info:    Trying to load font information for U+msa on input line 64.


("C:\Users\Om Prabhu\AppData\Local\Programs\MiKTeX 2.9\tex/latex/amsfonts\umsa.
fd"
File: umsa.fd 2013/01/14 v3.01 AMS symbols A
)
LaTeX Font Info:    Trying to load font information for U+msb on input line 64.


("C:\Users\Om Prabhu\AppData\Local\Programs\MiKTeX 2.9\tex/latex/amsfonts\umsb.
fd"
File: umsb.fd 2013/01/14 v3.01 AMS symbols B
) (intro_to_gamedev.toc)
\tf@toc=\write4
\openout4 = `intro_to_gamedev.toc'.

 [1

{C:/Users/Om Prabhu/AppData/Local/MiKTeX/2.9/pdftex/config/pdftex.map}] [2]
<gamedev_basic_factors_to_consider.png, id=182, 492.03825pt x 298.11375pt>
File: gamedev_basic_factors_to_consider.png Graphic file (type png)
<use gamedev_basic_factors_to_consider.png>
Package pdftex.def Info: gamedev_basic_factors_to_consider.png  used on input l
ine 103.
(pdftex.def)             Requested size: 393.63113pt x 238.49132pt.
<game_design_hierarchy.png, id=184, 534.19576pt x 302.3295pt>
File: game_design_hierarchy.png Graphic file (type png)
<use game_design_hierarchy.png>
Package pdftex.def Info: game_design_hierarchy.png  used on input line 107.
(pdftex.def)             Requested size: 427.3572pt x 241.86392pt.
 [3 <./gamedev_basic_factors_to_consider.png> <./game_design_hierarchy.png>] [4
]
<unity_default_layout.png, id=197, 1156.32pt x 620.3175pt>
File: unity_default_layout.png Graphic file (type png)
<use unity_default_layout.png>
Package pdftex.def Info: unity_default_layout.png  used on input line 157.
(pdftex.def)             Requested size: 483.69684pt x 259.48093pt.
<unity_custom_layout.png, id=198, 1445.4pt x 775.39688pt>
File: unity_custom_layout.png Graphic file (type png)
<use unity_custom_layout.png>
Package pdftex.def Info: unity_custom_layout.png  used on input line 162.
(pdftex.def)             Requested size: 483.69684pt x 259.47856pt.
 [5 <./unity_default_layout.png>] [6 <./unity_custom_layout.png>]
<graphics_concepts.png, id=209, 481.8pt x 267.399pt>
File: graphics_concepts.png Graphic file (type png)
<use graphics_concepts.png>
Package pdftex.def Info: graphics_concepts.png  used on input line 185.
(pdftex.def)             Requested size: 483.69684pt x 268.45918pt.
 [7 <./graphics_concepts.png>] [8]
<solarsystem_startscreen.png, id=225, 1156.32pt x 620.3175pt>
File: solarsystem_startscreen.png Graphic file (type png)
<use solarsystem_startscreen.png>
Package pdftex.def Info: solarsystem_startscreen.png  used on input line 249.
(pdftex.def)             Requested size: 483.69684pt x 259.48093pt.
<add_sun_earth_moon.png, id=226, 1156.32pt x 620.3175pt>
File: add_sun_earth_moon.png Graphic file (type png)
<use add_sun_earth_moon.png>
Package pdftex.def Info: add_sun_earth_moon.png  used on input line 264.
(pdftex.def)             Requested size: 483.69684pt x 259.48093pt.
 [9 <./solarsystem_startscreen.png>]
<rotatearound_earth.png, id=237, 335.45325pt x 139.722pt>
File: rotatearound_earth.png Graphic file (type png)
<use rotatearound_earth.png>
Package pdftex.def Info: rotatearound_earth.png  used on input line 289.
(pdftex.def)             Requested size: 335.45241pt x 139.72165pt.
 [10 <./add_sun_earth_moon.png>] [11 <./rotatearound_earth.png>]
<addng_materials.png, id=252, 1156.32pt x 620.3175pt>
File: addng_materials.png Graphic file (type png)
<use addng_materials.png>
Package pdftex.def Info: addng_materials.png  used on input line 332.
(pdftex.def)             Requested size: 483.69684pt x 259.48093pt.
<sun_emission.png, id=253, 1156.32pt x 620.3175pt>
File: sun_emission.png Graphic file (type png)
<use sun_emission.png>
Package pdftex.def Info: sun_emission.png  used on input line 342.
(pdftex.def)             Requested size: 483.69684pt x 259.48093pt.
 [12 <./addng_materials.png>]
<add_sunlight.png, id=268, 1156.32pt x 620.3175pt>
File: add_sunlight.png Graphic file (type png)
<use add_sunlight.png>
Package pdftex.def Info: add_sunlight.png  used on input line 354.
(pdftex.def)             Requested size: 483.69684pt x 259.48093pt.
 [13 <./sun_emission.png> <./add_sunlight.png>]
<final_lighting.png, id=276, 1156.32pt x 620.3175pt>
File: final_lighting.png Graphic file (type png)
<use final_lighting.png>
Package pdftex.def Info: final_lighting.png  used on input line 366.
(pdftex.def)             Requested size: 483.69684pt x 259.48093pt.
 [14 <./final_lighting.png>]
<adding_audio.png, id=288, 1156.32pt x 620.3175pt>
File: adding_audio.png Graphic file (type png)
<use adding_audio.png>
Package pdftex.def Info: adding_audio.png  used on input line 383.
(pdftex.def)             Requested size: 483.69684pt x 259.48093pt.
<view_frustum.png, id=289, 482.40225pt x 254.1495pt>
File: view_frustum.png Graphic file (type png)
<use view_frustum.png>
Package pdftex.def Info: view_frustum.png  used on input line 390.
(pdftex.def)             Requested size: 482.40106pt x 254.14888pt.
 [15 <./adding_audio.png> <./view_frustum.png>]
<minimap_camera.png, id=297, 1156.32pt x 620.3175pt>
File: minimap_camera.png Graphic file (type png)
<use minimap_camera.png>
Package pdftex.def Info: minimap_camera.png  used on input line 409.
(pdftex.def)             Requested size: 483.69684pt x 259.48093pt.
 [16 <./minimap_camera.png>]
<solarsystem_final.png, id=311, 1156.32pt x 620.3175pt>
File: solarsystem_final.png Graphic file (type png)
<use solarsystem_final.png>
Package pdftex.def Info: solarsystem_final.png  used on input line 421.
(pdftex.def)             Requested size: 483.69684pt x 259.48093pt.
 [17 <./solarsystem_final.png>] [18]
<program_basic_structure.png, id=327, 522.753pt x 233.07076pt>
File: program_basic_structure.png Graphic file (type png)
<use program_basic_structure.png>
Package pdftex.def Info: program_basic_structure.png  used on input line 465.
(pdftex.def)             Requested size: 483.69684pt x 215.65463pt.
 [19 <./program_basic_structure.png>]
<basic_target_mover.png, id=334, 519.74174pt x 213.79875pt>
File: basic_target_mover.png Graphic file (type png)
<use basic_target_mover.png>
Package pdftex.def Info: basic_target_mover.png  used on input line 475.
(pdftex.def)             Requested size: 483.69684pt x 198.97757pt.
<ecent_cycle.png, id=335, 416.757pt x 150.5625pt>
File: ecent_cycle.png Graphic file (type png)
<use ecent_cycle.png>
Package pdftex.def Info: ecent_cycle.png  used on input line 477.
(pdftex.def)             Requested size: 416.75598pt x 150.56212pt.
<reference_local_gameobject.png, id=336, 302.3295pt x 72.87225pt>
File: reference_local_gameobject.png Graphic file (type png)
<use reference_local_gameobject.png>
Package pdftex.def Info: reference_local_gameobject.png  used on input line 481
.
(pdftex.def)             Requested size: 302.32875pt x 72.87207pt.
<reference_global_gameobject.png, id=337, 284.86424pt x 186.6975pt>
File: reference_global_gameobject.png Graphic file (type png)
<use reference_global_gameobject.png>
Package pdftex.def Info: reference_global_gameobject.png  used on input line 48
3.
(pdftex.def)             Requested size: 284.86354pt x 186.69704pt.
 [20 <./basic_target_mover.png> <./ecent_cycle.png> <./reference_local_gameobje
ct.png>]
<reference_components.png, id=345, 279.444pt x 110.814pt>
File: reference_components.png Graphic file (type png)
<use reference_components.png>
Package pdftex.def Info: reference_components.png  used on input line 494.
(pdftex.def)             Requested size: 279.44331pt x 110.8137pt.
Package atveryend Info: Empty hook `BeforeClearDocument' on input line 511.
 [21 <./reference_global_gameobject.png> <./reference_components.png>]
Package atveryend Info: Empty hook `AfterLastShipout' on input line 511.
 (intro_to_gamedev.aux)
Package atveryend Info: Executing hook `AtVeryEndDocument' on input line 511.
Package atveryend Info: Executing hook `AtEndAfterFileList' on input line 511.
Package rerunfilecheck Info: File `intro_to_gamedev.out' has not changed.
(rerunfilecheck)             Checksum: 98D679961BAD2D9D9FB66FC58BDEDBC9;2263.
Package atveryend Info: Empty hook `AtVeryVeryEnd' on input line 511.
 ) 
Here is how much of TeX's memory you used:
 10752 strings out of 480790
 177045 string characters out of 2893515
 587844 words of memory out of 3000000
 26413 multiletter control sequences out of 15000+200000
 542360 words of font info for 62 fonts, out of 3000000 for 9000
 1141 hyphenation exceptions out of 8191
 45i,6n,47p,617b,439s stack positions out of 5000i,500n,10000p,200000b,50000s
 <C:\Users\Om Prabhu\AppData\Local\MiKTeX\2.9\fonts/pk/ljfour/jknappen/ec/dpi
600\tcrm1000.pk><C:/Users/Om Prabhu/AppData/Local/Programs/MiKTeX 2.9/fonts/typ
e1/public/amsfonts/cm/cmbx10.pfb><C:/Users/Om Prabhu/AppData/Local/Programs/MiK
TeX 2.9/fonts/type1/public/amsfonts/cm/cmbx12.pfb><C:/Users/Om Prabhu/AppData/L
ocal/Programs/MiKTeX 2.9/fonts/type1/public/amsfonts/cm/cmmi10.pfb><C:/Users/Om
 Prabhu/AppData/Local/Programs/MiKTeX 2.9/fonts/type1/public/amsfonts/cm/cmr10.
pfb><C:/Users/Om Prabhu/AppData/Local/Programs/MiKTeX 2.9/fonts/type1/public/am
sfonts/cm/cmr12.pfb><C:/Users/Om Prabhu/AppData/Local/Programs/MiKTeX 2.9/fonts
/type1/public/amsfonts/cm/cmsy10.pfb><C:/Users/Om Prabhu/AppData/Local/Programs
/MiKTeX 2.9/fonts/type1/public/amsfonts/cm/cmti10.pfb><C:/Users/Om Prabhu/AppDa
ta/Local/Programs/MiKTeX 2.9/fonts/type1/public/amsfonts/cm/cmtt10.pfb>
Output written on intro_to_gamedev.pdf (21 pages, 8927955 bytes).
PDF statistics:
 413 PDF objects out of 1000 (max. 8388607)
 103 named destinations out of 1000 (max. 500000)
 359 words of extra memory for PDF output out of 10000 (max. 10000000)

