\BOOKMARK [1][-]{section.1}{Introduction}{}% 1
\BOOKMARK [2][-]{subsection.1.1}{About myself}{section.1}% 2
\BOOKMARK [2][-]{subsection.1.2}{Motivation}{section.1}% 3
\BOOKMARK [1][-]{section.2}{Overview of Game Development}{}% 4
\BOOKMARK [2][-]{subsection.2.1}{Factors to consider before starting out}{section.2}% 5
\BOOKMARK [2][-]{subsection.2.2}{Hierarchy of game structure}{section.2}% 6
\BOOKMARK [2][-]{subsection.2.3}{Team structure and roles}{section.2}% 7
\BOOKMARK [1][-]{section.3}{The Unity3D Engine}{}% 8
\BOOKMARK [2][-]{subsection.3.1}{Unity3D interface and configuration}{section.3}% 9
\BOOKMARK [1][-]{section.4}{Basic Concepts}{}% 10
\BOOKMARK [2][-]{subsection.4.1}{Game graphics concepts}{section.4}% 11
\BOOKMARK [2][-]{subsection.4.2}{Game audio concepts}{section.4}% 12
\BOOKMARK [1][-]{section.5}{Solar System Simulation}{}% 13
\BOOKMARK [2][-]{subsection.5.1}{Importing assets into Unity}{section.5}% 14
\BOOKMARK [2][-]{subsection.5.2}{Game objects and the transform component}{section.5}% 15
\BOOKMARK [2][-]{subsection.5.3}{Adding behaviour to game objects}{section.5}% 16
\BOOKMARK [3][-]{subsubsection.5.3.1}{Adding scripts}{subsection.5.3}% 17
\BOOKMARK [3][-]{subsubsection.5.3.2}{Adjusting script parameters}{subsection.5.3}% 18
\BOOKMARK [3][-]{subsubsection.5.3.3}{Parent-child relationships}{subsection.5.3}% 19
\BOOKMARK [2][-]{subsection.5.4}{Adding materials, lighting and audio}{section.5}% 20
\BOOKMARK [3][-]{subsubsection.5.4.1}{Adding materials}{subsection.5.4}% 21
\BOOKMARK [3][-]{subsubsection.5.4.2}{Adding lighting}{subsection.5.4}% 22
\BOOKMARK [3][-]{subsubsection.5.4.3}{Adding audio}{subsection.5.4}% 23
\BOOKMARK [2][-]{subsection.5.5}{Adding cameras and adjusting views}{section.5}% 24
\BOOKMARK [2][-]{subsection.5.6}{Finishing, building and deploying a project}{section.5}% 25
\BOOKMARK [1][-]{section.6}{Roller Madness}{}% 26
\BOOKMARK [1][-]{section.7}{Box Shooter}{}% 27
\BOOKMARK [2][-]{subsection.7.1}{Unity programming concepts}{section.7}% 28
\BOOKMARK [3][-]{subsubsection.7.1.1}{Referencing gameObjects in scripts}{subsection.7.1}% 29
\BOOKMARK [3][-]{subsubsection.7.1.2}{Referencing components in scripts}{subsection.7.1}% 30
\BOOKMARK [2][-]{subsection.7.2}{Setting things up}{section.7}% 31
